This file contains any messages produced by compilers while
running configure, to aid debugging if configure makes a mistake.

It was created by tdor configure 0.0.8, which was
generated by GNU Autoconf 2.59.  Invocation command line was

  $ ./configure --with-libdnet-libraries=/usr/local/lib/ --with-libdnet-includes=/usr/local/include/dnet/

## --------- ##
## Platform. ##
## --------- ##

hostname = wladimirpc
uname -m = x86_64
uname -r = 4.4.0-96-generic
uname -s = Linux
uname -v = #119-Ubuntu SMP Tue Sep 12 14:59:54 UTC 2017

/usr/bin/uname -p = unknown
/bin/uname -X     = unknown

/bin/arch              = unknown
/usr/bin/arch -k       = unknown
/usr/convex/getsysinfo = unknown
hostinfo               = unknown
/bin/machine           = unknown
/usr/bin/oslevel       = unknown
/bin/universe          = unknown

PATH: /home/wladimir/bin
PATH: /home/wladimir/.local/bin
PATH: /usr/local/sbin
PATH: /usr/local/bin
PATH: /usr/sbin
PATH: /usr/bin
PATH: /sbin
PATH: /bin
PATH: /usr/games
PATH: /usr/local/games
PATH: /snap/bin
PATH: /home/wladimir/.shadow/bin


## ----------- ##
## Core tests. ##
## ----------- ##

configure:1377: checking for a BSD-compatible install
configure:1432: result: /usr/bin/install -c
configure:1443: checking whether build environment is sane
configure:1486: result: yes
configure:1551: checking for gawk
configure:1580: result: no
configure:1551: checking for mawk
configure:1567: found /usr/bin/mawk
configure:1577: result: mawk
configure:1587: checking whether make sets $(MAKE)
configure:1607: result: yes
configure:1786: checking build system type
configure:1804: result: x86_64-unknown-linux-gnu
configure:1812: checking host system type
configure:1826: result: x86_64-unknown-linux-gnu
configure:1919: checking for style of include used by make
configure:1947: result: GNU
configure:2018: checking for gcc
configure:2034: found /usr/bin/gcc
configure:2044: result: gcc
configure:2288: checking for C compiler version
configure:2291: gcc --version </dev/null >&5
gcc (Ubuntu 5.4.0-6ubuntu1~16.04.4) 5.4.0 20160609
Copyright (C) 2015 Free Software Foundation, Inc.
This is free software; see the source for copying conditions.  There is NO
warranty; not even for MERCHANTABILITY or FITNESS FOR A PARTICULAR PURPOSE.

configure:2294: $? = 0
configure:2296: gcc -v </dev/null >&5
Using built-in specs.
COLLECT_GCC=gcc
COLLECT_LTO_WRAPPER=/usr/lib/gcc/x86_64-linux-gnu/5/lto-wrapper
Target: x86_64-linux-gnu
Configured with: ../src/configure -v --with-pkgversion='Ubuntu 5.4.0-6ubuntu1~16.04.4' --with-bugurl=file:///usr/share/doc/gcc-5/README.Bugs --enable-languages=c,ada,c++,java,go,d,fortran,objc,obj-c++ --prefix=/usr --program-suffix=-5 --enable-shared --enable-linker-build-id --libexecdir=/usr/lib --without-included-gettext --enable-threads=posix --libdir=/usr/lib --enable-nls --with-sysroot=/ --enable-clocale=gnu --enable-libstdcxx-debug --enable-libstdcxx-time=yes --with-default-libstdcxx-abi=new --enable-gnu-unique-object --disable-vtable-verify --enable-libmpx --enable-plugin --with-system-zlib --disable-browser-plugin --enable-java-awt=gtk --enable-gtk-cairo --with-java-home=/usr/lib/jvm/java-1.5.0-gcj-5-amd64/jre --enable-java-home --with-jvm-root-dir=/usr/lib/jvm/java-1.5.0-gcj-5-amd64 --with-jvm-jar-dir=/usr/lib/jvm-exports/java-1.5.0-gcj-5-amd64 --with-arch-directory=amd64 --with-ecj-jar=/usr/share/java/eclipse-ecj.jar --enable-objc-gc --enable-multiarch --disable-werror --with-arch-32=i686 --with-abi=m64 --with-multilib-list=m32,m64,mx32 --enable-multilib --with-tune=generic --enable-checking=release --build=x86_64-linux-gnu --host=x86_64-linux-gnu --target=x86_64-linux-gnu
Thread model: posix
gcc version 5.4.0 20160609 (Ubuntu 5.4.0-6ubuntu1~16.04.4) 
configure:2299: $? = 0
configure:2301: gcc -V </dev/null >&5
gcc: error: unrecognized command line option '-V'
gcc: fatal error: no input files
compilation terminated.
configure:2304: $? = 1
configure:2327: checking for C compiler default output file name
configure:2330: gcc    conftest.c  >&5
configure:2333: $? = 0
configure:2379: result: a.out
configure:2384: checking whether the C compiler works
configure:2390: ./a.out
configure:2393: $? = 0
configure:2410: result: yes
configure:2417: checking whether we are cross compiling
configure:2419: result: no
configure:2422: checking for suffix of executables
configure:2424: gcc -o conftest    conftest.c  >&5
configure:2427: $? = 0
configure:2452: result: 
configure:2458: checking for suffix of object files
configure:2479: gcc -c   conftest.c >&5
configure:2482: $? = 0
configure:2504: result: o
configure:2508: checking whether we are using the GNU C compiler
configure:2532: gcc -c   conftest.c >&5
configure:2538: $? = 0
configure:2542: test -z 
			 || test ! -s conftest.err
configure:2545: $? = 0
configure:2548: test -s conftest.o
configure:2551: $? = 0
configure:2564: result: yes
configure:2570: checking whether gcc accepts -g
configure:2591: gcc -c -g  conftest.c >&5
configure:2597: $? = 0
configure:2601: test -z 
			 || test ! -s conftest.err
configure:2604: $? = 0
configure:2607: test -s conftest.o
configure:2610: $? = 0
configure:2621: result: yes
configure:2638: checking for gcc option to accept ANSI C
configure:2708: gcc  -c -g -O2  conftest.c >&5
configure:2714: $? = 0
configure:2718: test -z 
			 || test ! -s conftest.err
configure:2721: $? = 0
configure:2724: test -s conftest.o
configure:2727: $? = 0
configure:2745: result: none needed
configure:2763: gcc -c -g -O2  conftest.c >&5
conftest.c:2:3: error: unknown type name 'choke'
   choke me
   ^
conftest.c:2:3: error: expected '=', ',', ';', 'asm' or '__attribute__' at end of input
configure:2769: $? = 1
configure: failed program was:
| #ifndef __cplusplus
|   choke me
| #endif
configure:2904: checking dependency style of gcc
configure:2994: result: gcc3
configure:3070: checking for g++
configure:3086: found /usr/bin/g++
configure:3096: result: g++
configure:3112: checking for C++ compiler version
configure:3115: g++ --version </dev/null >&5
g++ (Ubuntu 5.4.0-6ubuntu1~16.04.4) 5.4.0 20160609
Copyright (C) 2015 Free Software Foundation, Inc.
This is free software; see the source for copying conditions.  There is NO
warranty; not even for MERCHANTABILITY or FITNESS FOR A PARTICULAR PURPOSE.

configure:3118: $? = 0
configure:3120: g++ -v </dev/null >&5
Using built-in specs.
COLLECT_GCC=g++
COLLECT_LTO_WRAPPER=/usr/lib/gcc/x86_64-linux-gnu/5/lto-wrapper
Target: x86_64-linux-gnu
Configured with: ../src/configure -v --with-pkgversion='Ubuntu 5.4.0-6ubuntu1~16.04.4' --with-bugurl=file:///usr/share/doc/gcc-5/README.Bugs --enable-languages=c,ada,c++,java,go,d,fortran,objc,obj-c++ --prefix=/usr --program-suffix=-5 --enable-shared --enable-linker-build-id --libexecdir=/usr/lib --without-included-gettext --enable-threads=posix --libdir=/usr/lib --enable-nls --with-sysroot=/ --enable-clocale=gnu --enable-libstdcxx-debug --enable-libstdcxx-time=yes --with-default-libstdcxx-abi=new --enable-gnu-unique-object --disable-vtable-verify --enable-libmpx --enable-plugin --with-system-zlib --disable-browser-plugin --enable-java-awt=gtk --enable-gtk-cairo --with-java-home=/usr/lib/jvm/java-1.5.0-gcj-5-amd64/jre --enable-java-home --with-jvm-root-dir=/usr/lib/jvm/java-1.5.0-gcj-5-amd64 --with-jvm-jar-dir=/usr/lib/jvm-exports/java-1.5.0-gcj-5-amd64 --with-arch-directory=amd64 --with-ecj-jar=/usr/share/java/eclipse-ecj.jar --enable-objc-gc --enable-multiarch --disable-werror --with-arch-32=i686 --with-abi=m64 --with-multilib-list=m32,m64,mx32 --enable-multilib --with-tune=generic --enable-checking=release --build=x86_64-linux-gnu --host=x86_64-linux-gnu --target=x86_64-linux-gnu
Thread model: posix
gcc version 5.4.0 20160609 (Ubuntu 5.4.0-6ubuntu1~16.04.4) 
configure:3123: $? = 0
configure:3125: g++ -V </dev/null >&5
g++: error: unrecognized command line option '-V'
g++: fatal error: no input files
compilation terminated.
configure:3128: $? = 1
configure:3131: checking whether we are using the GNU C++ compiler
configure:3155: g++ -c   conftest.cc >&5
configure:3161: $? = 0
configure:3165: test -z 
			 || test ! -s conftest.err
configure:3168: $? = 0
configure:3171: test -s conftest.o
configure:3174: $? = 0
configure:3187: result: yes
configure:3193: checking whether g++ accepts -g
configure:3214: g++ -c -g  conftest.cc >&5
configure:3220: $? = 0
configure:3224: test -z 
			 || test ! -s conftest.err
configure:3227: $? = 0
configure:3230: test -s conftest.o
configure:3233: $? = 0
configure:3244: result: yes
configure:3286: g++ -c -g -O2  conftest.cc >&5
configure:3292: $? = 0
configure:3296: test -z 
			 || test ! -s conftest.err
configure:3299: $? = 0
configure:3302: test -s conftest.o
configure:3305: $? = 0
configure:3331: g++ -c -g -O2  conftest.cc >&5
conftest.cc: In function 'int main()':
conftest.cc:16:9: error: 'exit' was not declared in this scope
 exit (42);
         ^
configure:3337: $? = 1
configure: failed program was:
| /* confdefs.h.  */
| 
| #define PACKAGE_NAME "tdor"
| #define PACKAGE_TARNAME "tdor"
| #define PACKAGE_VERSION "0.0.8"
| #define PACKAGE_STRING "tdor 0.0.8"
| #define PACKAGE_BUGREPORT "cviecco@indiana.edu"
| #define PACKAGE "tdor"
| #define VERSION "0.0.8"
| #define LINUX
| /* end confdefs.h.  */
| 
| int
| main ()
| {
| exit (42);
|   ;
|   return 0;
| }
configure:3286: g++ -c -g -O2  conftest.cc >&5
conftest.cc:12:40: error: 'void std::exit(int)' should have been declared inside 'std'
 extern "C" void std::exit (int) throw (); using std::exit;
                                        ^
configure:3292: $? = 1
configure: failed program was:
| /* confdefs.h.  */
| 
| #define PACKAGE_NAME "tdor"
| #define PACKAGE_TARNAME "tdor"
| #define PACKAGE_VERSION "0.0.8"
| #define PACKAGE_STRING "tdor 0.0.8"
| #define PACKAGE_BUGREPORT "cviecco@indiana.edu"
| #define PACKAGE "tdor"
| #define VERSION "0.0.8"
| #define LINUX
| /* end confdefs.h.  */
| extern "C" void std::exit (int) throw (); using std::exit;
| #include <stdlib.h>
| int
| main ()
| {
| exit (42);
|   ;
|   return 0;
| }
configure:3286: g++ -c -g -O2  conftest.cc >&5
conftest.cc:12:31: error: 'void std::exit(int)' should have been declared inside 'std'
 extern "C" void std::exit (int); using std::exit;
                               ^
In file included from conftest.cc:13:0:
/usr/include/stdlib.h:543:70: error: declaration of 'void std::exit(int) throw ()' has a different exception specifier
 extern void exit (int __status) __THROW __attribute__ ((__noreturn__));
                                                                      ^
conftest.cc:12:17: error: from previous declaration 'void std::exit(int)'
 extern "C" void std::exit (int); using std::exit;
                 ^
configure:3292: $? = 1
configure: failed program was:
| /* confdefs.h.  */
| 
| #define PACKAGE_NAME "tdor"
| #define PACKAGE_TARNAME "tdor"
| #define PACKAGE_VERSION "0.0.8"
| #define PACKAGE_STRING "tdor 0.0.8"
| #define PACKAGE_BUGREPORT "cviecco@indiana.edu"
| #define PACKAGE "tdor"
| #define VERSION "0.0.8"
| #define LINUX
| /* end confdefs.h.  */
| extern "C" void std::exit (int); using std::exit;
| #include <stdlib.h>
| int
| main ()
| {
| exit (42);
|   ;
|   return 0;
| }
configure:3286: g++ -c -g -O2  conftest.cc >&5
configure:3292: $? = 0
configure:3296: test -z 
			 || test ! -s conftest.err
configure:3299: $? = 0
configure:3302: test -s conftest.o
configure:3305: $? = 0
configure:3331: g++ -c -g -O2  conftest.cc >&5
configure:3337: $? = 0
configure:3341: test -z 
			 || test ! -s conftest.err
configure:3344: $? = 0
configure:3347: test -s conftest.o
configure:3350: $? = 0
configure:3375: checking dependency style of g++
configure:3465: result: gcc3
configure:3529: checking for ip_checksum in -ldnet
configure:3559: gcc -o conftest -g -O2  -I/usr/local/include/dnet/   -L/usr/local/lib/ conftest.c -ldnet   >&5
configure:3565: $? = 0
configure:3569: test -z 
			 || test ! -s conftest.err
configure:3572: $? = 0
configure:3575: test -s conftest
configure:3578: $? = 0
configure:3591: result: yes
configure:3616: checking for fabs in -lm
configure:3646: gcc -o conftest -g -O2  -I/usr/local/include/dnet/   -L/usr/local/lib/ conftest.c -lm  -ldnet  >&5
conftest.c:23:6: warning: conflicting types for built-in function 'fabs'
 char fabs ();
      ^
configure:3652: $? = 0
configure:3656: test -z 
			 || test ! -s conftest.err
configure:3659: $? = 0
configure:3662: test -s conftest
configure:3665: $? = 0
configure:3678: result: yes
configure:3691: checking for pthread_create in -lpthread
configure:3721: gcc -o conftest -g -O2  -I/usr/local/include/dnet/   -L/usr/local/lib/ conftest.c -lpthread  -lm -ldnet  >&5
configure:3727: $? = 0
configure:3731: test -z 
			 || test ! -s conftest.err
configure:3734: $? = 0
configure:3737: test -s conftest
configure:3740: $? = 0
configure:3753: result: yes
configure:3767: checking for AES_cbc_encrypt in -lcrypto
configure:3797: gcc -o conftest -g -O2  -I/usr/local/include/dnet/   -L/usr/local/lib/ conftest.c -lcrypto  -lpthread -lm -ldnet  >&5
configure:3803: $? = 0
configure:3807: test -z 
			 || test ! -s conftest.err
configure:3810: $? = 0
configure:3813: test -s conftest
configure:3816: $? = 0
configure:3829: result: yes
configure:3869: checking for AES_cbc_encrypt in -lssl
configure:3899: gcc -o conftest -g -O2  -I/usr/local/include/dnet/   -L/usr/local/lib/ conftest.c -lssl  -lcrypto -lpthread -lm -ldnet  >&5
configure:3905: $? = 0
configure:3909: test -z 
			 || test ! -s conftest.err
configure:3912: $? = 0
configure:3915: test -s conftest
configure:3918: $? = 0
configure:3931: result: yes
configure:3955: checking for zlibVersion in -lz
configure:3985: gcc -o conftest -g -O2  -I/usr/local/include/dnet/   -L/usr/local/lib/ conftest.c -lz  -lssl -lcrypto -lpthread -lm -ldnet  >&5
configure:3991: $? = 0
configure:3995: test -z 
			 || test ! -s conftest.err
configure:3998: $? = 0
configure:4001: test -s conftest
configure:4004: $? = 0
configure:4017: result: yes
configure:4059: checking for curl_easy_init in -lcurl
configure:4089: gcc -o conftest -g -O2  -I/usr/local/include/dnet/   -L/usr/local/lib/ conftest.c -lcurl  -lz -lssl -lcrypto -lpthread -lm -ldnet  >&5
configure:4095: $? = 0
configure:4099: test -z 
			 || test ! -s conftest.err
configure:4102: $? = 0
configure:4105: test -s conftest
configure:4108: $? = 0
configure:4121: result: yes
configure:4154: checking how to run the C preprocessor
configure:4189: gcc -E  -I/usr/local/include/dnet/ conftest.c
configure:4195: $? = 0
configure:4227: gcc -E  -I/usr/local/include/dnet/ conftest.c
conftest.c:22:28: fatal error: ac_nonexistent.h: No such file or directory
compilation terminated.
configure:4233: $? = 1
configure: failed program was:
| /* confdefs.h.  */
| 
| #define PACKAGE_NAME "tdor"
| #define PACKAGE_TARNAME "tdor"
| #define PACKAGE_VERSION "0.0.8"
| #define PACKAGE_STRING "tdor 0.0.8"
| #define PACKAGE_BUGREPORT "cviecco@indiana.edu"
| #define PACKAGE "tdor"
| #define VERSION "0.0.8"
| #define LINUX
| #ifdef __cplusplus
| extern "C" void exit (int) throw ();
| #endif
| #define HAVE_LIBDNET 1
| #define HAVE_LIBM 1
| #define HAVE_LIBPTHREAD 1
| #define HAVE_LIBCRYPTO 1
| #define HAVE_LIBSSL 1
| #define HAVE_LIBZ 1
| #define HAVE_LIBCURL 1
| /* end confdefs.h.  */
| #include <ac_nonexistent.h>
configure:4272: result: gcc -E
configure:4296: gcc -E  -I/usr/local/include/dnet/ conftest.c
configure:4302: $? = 0
configure:4334: gcc -E  -I/usr/local/include/dnet/ conftest.c
conftest.c:22:28: fatal error: ac_nonexistent.h: No such file or directory
compilation terminated.
configure:4340: $? = 1
configure: failed program was:
| /* confdefs.h.  */
| 
| #define PACKAGE_NAME "tdor"
| #define PACKAGE_TARNAME "tdor"
| #define PACKAGE_VERSION "0.0.8"
| #define PACKAGE_STRING "tdor 0.0.8"
| #define PACKAGE_BUGREPORT "cviecco@indiana.edu"
| #define PACKAGE "tdor"
| #define VERSION "0.0.8"
| #define LINUX
| #ifdef __cplusplus
| extern "C" void exit (int) throw ();
| #endif
| #define HAVE_LIBDNET 1
| #define HAVE_LIBM 1
| #define HAVE_LIBPTHREAD 1
| #define HAVE_LIBCRYPTO 1
| #define HAVE_LIBSSL 1
| #define HAVE_LIBZ 1
| #define HAVE_LIBCURL 1
| /* end confdefs.h.  */
| #include <ac_nonexistent.h>
configure:4384: checking for egrep
configure:4394: result: grep -E
configure:4399: checking for ANSI C header files
configure:4424: gcc -c -g -O2  -I/usr/local/include/dnet/ conftest.c >&5
configure:4430: $? = 0
configure:4434: test -z 
			 || test ! -s conftest.err
configure:4437: $? = 0
configure:4440: test -s conftest.o
configure:4443: $? = 0
configure:4532: gcc -o conftest -g -O2  -I/usr/local/include/dnet/   -L/usr/local/lib/ conftest.c -lcurl -lz -lssl -lcrypto -lpthread -lm -ldnet  >&5
conftest.c: In function 'main':
conftest.c:39:7: warning: implicit declaration of function 'exit' [-Wimplicit-function-declaration]
       exit(2);
       ^
conftest.c:39:7: warning: incompatible implicit declaration of built-in function 'exit'
conftest.c:39:7: note: include '<stdlib.h>' or provide a declaration of 'exit'
conftest.c:40:3: warning: incompatible implicit declaration of built-in function 'exit'
   exit (0);
   ^
conftest.c:40:3: note: include '<stdlib.h>' or provide a declaration of 'exit'
configure:4535: $? = 0
configure:4537: ./conftest
configure:4540: $? = 0
configure:4555: result: yes
configure:4579: checking for sys/types.h
configure:4595: gcc -c -g -O2  -I/usr/local/include/dnet/ conftest.c >&5
configure:4601: $? = 0
configure:4605: test -z 
			 || test ! -s conftest.err
configure:4608: $? = 0
configure:4611: test -s conftest.o
configure:4614: $? = 0
configure:4625: result: yes
configure:4579: checking for sys/stat.h
configure:4595: gcc -c -g -O2  -I/usr/local/include/dnet/ conftest.c >&5
configure:4601: $? = 0
configure:4605: test -z 
			 || test ! -s conftest.err
configure:4608: $? = 0
configure:4611: test -s conftest.o
configure:4614: $? = 0
configure:4625: result: yes
configure:4579: checking for stdlib.h
configure:4595: gcc -c -g -O2  -I/usr/local/include/dnet/ conftest.c >&5
configure:4601: $? = 0
configure:4605: test -z 
			 || test ! -s conftest.err
configure:4608: $? = 0
configure:4611: test -s conftest.o
configure:4614: $? = 0
configure:4625: result: yes
configure:4579: checking for string.h
configure:4595: gcc -c -g -O2  -I/usr/local/include/dnet/ conftest.c >&5
configure:4601: $? = 0
configure:4605: test -z 
			 || test ! -s conftest.err
configure:4608: $? = 0
configure:4611: test -s conftest.o
configure:4614: $? = 0
configure:4625: result: yes
configure:4579: checking for memory.h
configure:4595: gcc -c -g -O2  -I/usr/local/include/dnet/ conftest.c >&5
configure:4601: $? = 0
configure:4605: test -z 
			 || test ! -s conftest.err
configure:4608: $? = 0
configure:4611: test -s conftest.o
configure:4614: $? = 0
configure:4625: result: yes
configure:4579: checking for strings.h
configure:4595: gcc -c -g -O2  -I/usr/local/include/dnet/ conftest.c >&5
configure:4601: $? = 0
configure:4605: test -z 
			 || test ! -s conftest.err
configure:4608: $? = 0
configure:4611: test -s conftest.o
configure:4614: $? = 0
configure:4625: result: yes
configure:4579: checking for inttypes.h
configure:4595: gcc -c -g -O2  -I/usr/local/include/dnet/ conftest.c >&5
configure:4601: $? = 0
configure:4605: test -z 
			 || test ! -s conftest.err
configure:4608: $? = 0
configure:4611: test -s conftest.o
configure:4614: $? = 0
configure:4625: result: yes
configure:4579: checking for stdint.h
configure:4595: gcc -c -g -O2  -I/usr/local/include/dnet/ conftest.c >&5
configure:4601: $? = 0
configure:4605: test -z 
			 || test ! -s conftest.err
configure:4608: $? = 0
configure:4611: test -s conftest.o
configure:4614: $? = 0
configure:4625: result: yes
configure:4579: checking for unistd.h
configure:4595: gcc -c -g -O2  -I/usr/local/include/dnet/ conftest.c >&5
configure:4601: $? = 0
configure:4605: test -z 
			 || test ! -s conftest.err
configure:4608: $? = 0
configure:4611: test -s conftest.o
configure:4614: $? = 0
configure:4625: result: yes
configure:4660: checking arpa/inet.h usability
configure:4672: gcc -c -g -O2  -I/usr/local/include/dnet/ conftest.c >&5
configure:4678: $? = 0
configure:4682: test -z 
			 || test ! -s conftest.err
configure:4685: $? = 0
configure:4688: test -s conftest.o
configure:4691: $? = 0
configure:4701: result: yes
configure:4705: checking arpa/inet.h presence
configure:4715: gcc -E  -I/usr/local/include/dnet/ conftest.c
configure:4721: $? = 0
configure:4741: result: yes
configure:4776: checking for arpa/inet.h
configure:4783: result: yes
configure:4660: checking fcntl.h usability
configure:4672: gcc -c -g -O2  -I/usr/local/include/dnet/ conftest.c >&5
configure:4678: $? = 0
configure:4682: test -z 
			 || test ! -s conftest.err
configure:4685: $? = 0
configure:4688: test -s conftest.o
configure:4691: $? = 0
configure:4701: result: yes
configure:4705: checking fcntl.h presence
configure:4715: gcc -E  -I/usr/local/include/dnet/ conftest.c
configure:4721: $? = 0
configure:4741: result: yes
configure:4776: checking for fcntl.h
configure:4783: result: yes
configure:4660: checking netdb.h usability
configure:4672: gcc -c -g -O2  -I/usr/local/include/dnet/ conftest.c >&5
configure:4678: $? = 0
configure:4682: test -z 
			 || test ! -s conftest.err
configure:4685: $? = 0
configure:4688: test -s conftest.o
configure:4691: $? = 0
configure:4701: result: yes
configure:4705: checking netdb.h presence
configure:4715: gcc -E  -I/usr/local/include/dnet/ conftest.c
configure:4721: $? = 0
configure:4741: result: yes
configure:4776: checking for netdb.h
configure:4783: result: yes
configure:4660: checking netinet/in.h usability
configure:4672: gcc -c -g -O2  -I/usr/local/include/dnet/ conftest.c >&5
configure:4678: $? = 0
configure:4682: test -z 
			 || test ! -s conftest.err
configure:4685: $? = 0
configure:4688: test -s conftest.o
configure:4691: $? = 0
configure:4701: result: yes
configure:4705: checking netinet/in.h presence
configure:4715: gcc -E  -I/usr/local/include/dnet/ conftest.c
configure:4721: $? = 0
configure:4741: result: yes
configure:4776: checking for netinet/in.h
configure:4783: result: yes
configure:4651: checking for stdint.h
configure:4656: result: yes
configure:4651: checking for stdlib.h
configure:4656: result: yes
configure:4651: checking for string.h
configure:4656: result: yes
configure:4660: checking sys/socket.h usability
configure:4672: gcc -c -g -O2  -I/usr/local/include/dnet/ conftest.c >&5
configure:4678: $? = 0
configure:4682: test -z 
			 || test ! -s conftest.err
configure:4685: $? = 0
configure:4688: test -s conftest.o
configure:4691: $? = 0
configure:4701: result: yes
configure:4705: checking sys/socket.h presence
configure:4715: gcc -E  -I/usr/local/include/dnet/ conftest.c
configure:4721: $? = 0
configure:4741: result: yes
configure:4776: checking for sys/socket.h
configure:4783: result: yes
configure:4660: checking sys/time.h usability
configure:4672: gcc -c -g -O2  -I/usr/local/include/dnet/ conftest.c >&5
configure:4678: $? = 0
configure:4682: test -z 
			 || test ! -s conftest.err
configure:4685: $? = 0
configure:4688: test -s conftest.o
configure:4691: $? = 0
configure:4701: result: yes
configure:4705: checking sys/time.h presence
configure:4715: gcc -E  -I/usr/local/include/dnet/ conftest.c
configure:4721: $? = 0
configure:4741: result: yes
configure:4776: checking for sys/time.h
configure:4783: result: yes
configure:4651: checking for unistd.h
configure:4656: result: yes
configure:4810: checking ifaddrs.h usability
configure:4822: gcc -c -g -O2  -I/usr/local/include/dnet/ conftest.c >&5
configure:4828: $? = 0
configure:4832: test -z 
			 || test ! -s conftest.err
configure:4835: $? = 0
configure:4838: test -s conftest.o
configure:4841: $? = 0
configure:4851: result: yes
configure:4855: checking ifaddrs.h presence
configure:4865: gcc -E  -I/usr/local/include/dnet/ conftest.c
configure:4871: $? = 0
configure:4891: result: yes
configure:4926: checking for ifaddrs.h
configure:4933: result: yes
configure:4960: checking netinet/in_systm.h usability
configure:4972: gcc -c -g -O2  -I/usr/local/include/dnet/ conftest.c >&5
configure:4978: $? = 0
configure:4982: test -z 
			 || test ! -s conftest.err
configure:4985: $? = 0
configure:4988: test -s conftest.o
configure:4991: $? = 0
configure:5001: result: yes
configure:5005: checking netinet/in_systm.h presence
configure:5015: gcc -E  -I/usr/local/include/dnet/ conftest.c
configure:5021: $? = 0
configure:5041: result: yes
configure:5076: checking for netinet/in_systm.h
configure:5083: result: yes
configure:5100: checking for an ANSI C-conforming const
configure:5167: gcc -c -g -O2  -I/usr/local/include/dnet/ conftest.c >&5
configure:5173: $? = 0
configure:5177: test -z 
			 || test ! -s conftest.err
configure:5180: $? = 0
configure:5183: test -s conftest.o
configure:5186: $? = 0
configure:5197: result: yes
configure:5207: checking for inline
configure:5228: gcc -c -g -O2  -I/usr/local/include/dnet/ conftest.c >&5
configure:5234: $? = 0
configure:5238: test -z 
			 || test ! -s conftest.err
configure:5241: $? = 0
configure:5244: test -s conftest.o
configure:5247: $? = 0
configure:5259: result: inline
configure:5278: checking for pid_t
configure:5302: gcc -c -g -O2  -I/usr/local/include/dnet/ conftest.c >&5
configure:5308: $? = 0
configure:5312: test -z 
			 || test ! -s conftest.err
configure:5315: $? = 0
configure:5318: test -s conftest.o
configure:5321: $? = 0
configure:5332: result: yes
configure:5344: checking for size_t
configure:5368: gcc -c -g -O2  -I/usr/local/include/dnet/ conftest.c >&5
configure:5374: $? = 0
configure:5378: test -z 
			 || test ! -s conftest.err
configure:5381: $? = 0
configure:5384: test -s conftest.o
configure:5387: $? = 0
configure:5398: result: yes
configure:5410: checking whether time.h and sys/time.h may both be included
configure:5435: gcc -c -g -O2  -I/usr/local/include/dnet/ conftest.c >&5
configure:5441: $? = 0
configure:5445: test -z 
			 || test ! -s conftest.err
configure:5448: $? = 0
configure:5451: test -s conftest.o
configure:5454: $? = 0
configure:5465: result: yes
configure:5475: checking for struct icmphdr.type
configure:5499: gcc -c -g -O2  -I/usr/local/include/dnet/ conftest.c >&5
configure:5505: $? = 0
configure:5509: test -z 
			 || test ! -s conftest.err
configure:5512: $? = 0
configure:5515: test -s conftest.o
configure:5518: $? = 0
configure:5576: result: yes
configure:5596: checking for unistd.h
configure:5601: result: yes
configure:5605: checking vfork.h usability
configure:5617: gcc -c -g -O2  -I/usr/local/include/dnet/ conftest.c >&5
conftest.c:81:19: fatal error: vfork.h: No such file or directory
compilation terminated.
configure:5623: $? = 1
configure: failed program was:
| /* confdefs.h.  */
| 
| #define PACKAGE_NAME "tdor"
| #define PACKAGE_TARNAME "tdor"
| #define PACKAGE_VERSION "0.0.8"
| #define PACKAGE_STRING "tdor 0.0.8"
| #define PACKAGE_BUGREPORT "cviecco@indiana.edu"
| #define PACKAGE "tdor"
| #define VERSION "0.0.8"
| #define LINUX
| #ifdef __cplusplus
| extern "C" void exit (int) throw ();
| #endif
| #define HAVE_LIBDNET 1
| #define HAVE_LIBM 1
| #define HAVE_LIBPTHREAD 1
| #define HAVE_LIBCRYPTO 1
| #define HAVE_LIBSSL 1
| #define HAVE_LIBZ 1
| #define HAVE_LIBCURL 1
| #define STDC_HEADERS 1
| #define HAVE_SYS_TYPES_H 1
| #define HAVE_SYS_STAT_H 1
| #define HAVE_STDLIB_H 1
| #define HAVE_STRING_H 1
| #define HAVE_MEMORY_H 1
| #define HAVE_STRINGS_H 1
| #define HAVE_INTTYPES_H 1
| #define HAVE_STDINT_H 1
| #define HAVE_UNISTD_H 1
| #define HAVE_ARPA_INET_H 1
| #define HAVE_FCNTL_H 1
| #define HAVE_NETDB_H 1
| #define HAVE_NETINET_IN_H 1
| #define HAVE_STDINT_H 1
| #define HAVE_STDLIB_H 1
| #define HAVE_STRING_H 1
| #define HAVE_SYS_SOCKET_H 1
| #define HAVE_SYS_TIME_H 1
| #define HAVE_UNISTD_H 1
| #define HAVE_IFADDRS_H 1
| #define HAVE_NETINET_IN_SYSTM_H 1
| #define TIME_WITH_SYS_TIME 1
| #define HAVE_STRUCT_ICMPHDR_TYPE 1
| #define HAVE_UNISTD_H 1
| /* end confdefs.h.  */
| #include <stdio.h>
| #if HAVE_SYS_TYPES_H
| # include <sys/types.h>
| #endif
| #if HAVE_SYS_STAT_H
| # include <sys/stat.h>
| #endif
| #if STDC_HEADERS
| # include <stdlib.h>
| # include <stddef.h>
| #else
| # if HAVE_STDLIB_H
| #  include <stdlib.h>
| # endif
| #endif
| #if HAVE_STRING_H
| # if !STDC_HEADERS && HAVE_MEMORY_H
| #  include <memory.h>
| # endif
| # include <string.h>
| #endif
| #if HAVE_STRINGS_H
| # include <strings.h>
| #endif
| #if HAVE_INTTYPES_H
| # include <inttypes.h>
| #else
| # if HAVE_STDINT_H
| #  include <stdint.h>
| # endif
| #endif
| #if HAVE_UNISTD_H
| # include <unistd.h>
| #endif
| #include <vfork.h>
configure:5646: result: no
configure:5650: checking vfork.h presence
configure:5660: gcc -E  -I/usr/local/include/dnet/ conftest.c
conftest.c:47:19: fatal error: vfork.h: No such file or directory
compilation terminated.
configure:5666: $? = 1
configure: failed program was:
| /* confdefs.h.  */
| 
| #define PACKAGE_NAME "tdor"
| #define PACKAGE_TARNAME "tdor"
| #define PACKAGE_VERSION "0.0.8"
| #define PACKAGE_STRING "tdor 0.0.8"
| #define PACKAGE_BUGREPORT "cviecco@indiana.edu"
| #define PACKAGE "tdor"
| #define VERSION "0.0.8"
| #define LINUX
| #ifdef __cplusplus
| extern "C" void exit (int) throw ();
| #endif
| #define HAVE_LIBDNET 1
| #define HAVE_LIBM 1
| #define HAVE_LIBPTHREAD 1
| #define HAVE_LIBCRYPTO 1
| #define HAVE_LIBSSL 1
| #define HAVE_LIBZ 1
| #define HAVE_LIBCURL 1
| #define STDC_HEADERS 1
| #define HAVE_SYS_TYPES_H 1
| #define HAVE_SYS_STAT_H 1
| #define HAVE_STDLIB_H 1
| #define HAVE_STRING_H 1
| #define HAVE_MEMORY_H 1
| #define HAVE_STRINGS_H 1
| #define HAVE_INTTYPES_H 1
| #define HAVE_STDINT_H 1
| #define HAVE_UNISTD_H 1
| #define HAVE_ARPA_INET_H 1
| #define HAVE_FCNTL_H 1
| #define HAVE_NETDB_H 1
| #define HAVE_NETINET_IN_H 1
| #define HAVE_STDINT_H 1
| #define HAVE_STDLIB_H 1
| #define HAVE_STRING_H 1
| #define HAVE_SYS_SOCKET_H 1
| #define HAVE_SYS_TIME_H 1
| #define HAVE_UNISTD_H 1
| #define HAVE_IFADDRS_H 1
| #define HAVE_NETINET_IN_SYSTM_H 1
| #define TIME_WITH_SYS_TIME 1
| #define HAVE_STRUCT_ICMPHDR_TYPE 1
| #define HAVE_UNISTD_H 1
| /* end confdefs.h.  */
| #include <vfork.h>
configure:5686: result: no
configure:5721: checking for vfork.h
configure:5728: result: no
configure:5746: checking for fork
configure:5803: gcc -o conftest -g -O2  -I/usr/local/include/dnet/   -L/usr/local/lib/ conftest.c -lcurl -lz -lssl -lcrypto -lpthread -lm -ldnet  >&5
conftest.c:71:6: warning: conflicting types for built-in function 'fork'
 char fork ();
      ^
configure:5809: $? = 0
configure:5813: test -z 
			 || test ! -s conftest.err
configure:5816: $? = 0
configure:5819: test -s conftest
configure:5822: $? = 0
configure:5834: result: yes
configure:5746: checking for vfork
configure:5803: gcc -o conftest -g -O2  -I/usr/local/include/dnet/   -L/usr/local/lib/ conftest.c -lcurl -lz -lssl -lcrypto -lpthread -lm -ldnet  >&5
configure:5809: $? = 0
configure:5813: test -z 
			 || test ! -s conftest.err
configure:5816: $? = 0
configure:5819: test -s conftest
configure:5822: $? = 0
configure:5834: result: yes
configure:5845: checking for working fork
configure:5868: gcc -o conftest -g -O2  -I/usr/local/include/dnet/   -L/usr/local/lib/ conftest.c -lcurl -lz -lssl -lcrypto -lpthread -lm -ldnet  >&5
conftest.c: In function 'main':
conftest.c:9:6: warning: implicit declaration of function 'fork' [-Wimplicit-function-declaration]
  if (fork() < 0)
      ^
conftest.c:10:4: warning: implicit declaration of function 'exit' [-Wimplicit-function-declaration]
    exit (1);
    ^
conftest.c:10:4: warning: incompatible implicit declaration of built-in function 'exit'
conftest.c:10:4: note: include '<stdlib.h>' or provide a declaration of 'exit'
conftest.c:11:2: warning: incompatible implicit declaration of built-in function 'exit'
  exit (0);
  ^
conftest.c:11:2: note: include '<stdlib.h>' or provide a declaration of 'exit'
configure:5871: $? = 0
configure:5873: ./conftest
configure:5876: $? = 0
configure:5890: result: yes
configure:5911: checking for working vfork
configure:6044: result: yes
configure:6080: checking for stdlib.h
configure:6085: result: yes
configure:6225: checking for GNU libc compatible malloc
configure:6254: gcc -o conftest -g -O2  -I/usr/local/include/dnet/   -L/usr/local/lib/ conftest.c -lcurl -lz -lssl -lcrypto -lpthread -lm -ldnet  >&5
configure:6257: $? = 0
configure:6259: ./conftest
configure:6262: $? = 0
configure:6276: result: yes
configure:6306: checking for working memcmp
configure:6354: gcc -o conftest -g -O2  -I/usr/local/include/dnet/   -L/usr/local/lib/ conftest.c -lcurl -lz -lssl -lcrypto -lpthread -lm -ldnet  >&5
configure:6357: $? = 0
configure:6359: ./conftest
configure:6362: $? = 0
configure:6376: result: yes
configure:6402: checking sys/select.h usability
configure:6414: gcc -c -g -O2  -I/usr/local/include/dnet/ conftest.c >&5
configure:6420: $? = 0
configure:6424: test -z 
			 || test ! -s conftest.err
configure:6427: $? = 0
configure:6430: test -s conftest.o
configure:6433: $? = 0
configure:6443: result: yes
configure:6447: checking sys/select.h presence
configure:6457: gcc -E  -I/usr/local/include/dnet/ conftest.c
configure:6463: $? = 0
configure:6483: result: yes
configure:6518: checking for sys/select.h
configure:6525: result: yes
configure:6393: checking for sys/socket.h
configure:6398: result: yes
configure:6538: checking types of arguments for select
configure:6571: gcc -c -g -O2  -I/usr/local/include/dnet/ conftest.c >&5
configure:6577: $? = 0
configure:6581: test -z 
			 || test ! -s conftest.err
configure:6584: $? = 0
configure:6587: test -s conftest.o
configure:6590: $? = 0
configure:6606: result: int,fd_set *,struct timeval *
configure:6629: checking return type of signal handlers
configure:6660: gcc -c -g -O2  -I/usr/local/include/dnet/ conftest.c >&5
configure:6666: $? = 0
configure:6670: test -z 
			 || test ! -s conftest.err
configure:6673: $? = 0
configure:6676: test -s conftest.o
configure:6679: $? = 0
configure:6690: result: void
configure:6708: checking for dup2
configure:6765: gcc -o conftest -g -O2  -I/usr/local/include/dnet/   -L/usr/local/lib/ conftest.c -lcurl -lz -lssl -lcrypto -lpthread -lm -ldnet  >&5
configure:6771: $? = 0
configure:6775: test -z 
			 || test ! -s conftest.err
configure:6778: $? = 0
configure:6781: test -s conftest
configure:6784: $? = 0
configure:6796: result: yes
configure:6708: checking for gethostbyname
configure:6765: gcc -o conftest -g -O2  -I/usr/local/include/dnet/   -L/usr/local/lib/ conftest.c -lcurl -lz -lssl -lcrypto -lpthread -lm -ldnet  >&5
configure:6771: $? = 0
configure:6775: test -z 
			 || test ! -s conftest.err
configure:6778: $? = 0
configure:6781: test -s conftest
configure:6784: $? = 0
configure:6796: result: yes
configure:6708: checking for gettimeofday
configure:6765: gcc -o conftest -g -O2  -I/usr/local/include/dnet/   -L/usr/local/lib/ conftest.c -lcurl -lz -lssl -lcrypto -lpthread -lm -ldnet  >&5
configure:6771: $? = 0
configure:6775: test -z 
			 || test ! -s conftest.err
configure:6778: $? = 0
configure:6781: test -s conftest
configure:6784: $? = 0
configure:6796: result: yes
configure:6708: checking for inet_ntoa
configure:6765: gcc -o conftest -g -O2  -I/usr/local/include/dnet/   -L/usr/local/lib/ conftest.c -lcurl -lz -lssl -lcrypto -lpthread -lm -ldnet  >&5
configure:6771: $? = 0
configure:6775: test -z 
			 || test ! -s conftest.err
configure:6778: $? = 0
configure:6781: test -s conftest
configure:6784: $? = 0
configure:6796: result: yes
configure:6708: checking for memset
configure:6765: gcc -o conftest -g -O2  -I/usr/local/include/dnet/   -L/usr/local/lib/ conftest.c -lcurl -lz -lssl -lcrypto -lpthread -lm -ldnet  >&5
conftest.c:87:6: warning: conflicting types for built-in function 'memset'
 char memset ();
      ^
configure:6771: $? = 0
configure:6775: test -z 
			 || test ! -s conftest.err
configure:6778: $? = 0
configure:6781: test -s conftest
configure:6784: $? = 0
configure:6796: result: yes
configure:6708: checking for select
configure:6765: gcc -o conftest -g -O2  -I/usr/local/include/dnet/   -L/usr/local/lib/ conftest.c -lcurl -lz -lssl -lcrypto -lpthread -lm -ldnet  >&5
configure:6771: $? = 0
configure:6775: test -z 
			 || test ! -s conftest.err
configure:6778: $? = 0
configure:6781: test -s conftest
configure:6784: $? = 0
configure:6796: result: yes
configure:6708: checking for socket
configure:6765: gcc -o conftest -g -O2  -I/usr/local/include/dnet/   -L/usr/local/lib/ conftest.c -lcurl -lz -lssl -lcrypto -lpthread -lm -ldnet  >&5
configure:6771: $? = 0
configure:6775: test -z 
			 || test ! -s conftest.err
configure:6778: $? = 0
configure:6781: test -s conftest
configure:6784: $? = 0
configure:6796: result: yes
configure:6925: creating ./config.status

## ---------------------- ##
## Running config.status. ##
## ---------------------- ##

This file was extended by tdor config.status 0.0.8, which was
generated by GNU Autoconf 2.59.  Invocation command line was

  CONFIG_FILES    = 
  CONFIG_HEADERS  = 
  CONFIG_LINKS    = 
  CONFIG_COMMANDS = 
  $ ./config.status 

on wladimirpc

config.status:707: creating Makefile
config.status:811: creating config.h
config.status:1019: config.h is unchanged
config.status:1199: executing depfiles commands

## ---------------- ##
## Cache variables. ##
## ---------------- ##

ac_cv_build=x86_64-unknown-linux-gnu
ac_cv_build_alias=x86_64-unknown-linux-gnu
ac_cv_c_compiler_gnu=yes
ac_cv_c_const=yes
ac_cv_c_inline=inline
ac_cv_cxx_compiler_gnu=yes
ac_cv_env_CC_set=
ac_cv_env_CC_value=
ac_cv_env_CFLAGS_set=
ac_cv_env_CFLAGS_value=
ac_cv_env_CPPFLAGS_set=
ac_cv_env_CPPFLAGS_value=
ac_cv_env_CPP_set=
ac_cv_env_CPP_value=
ac_cv_env_CXXFLAGS_set=
ac_cv_env_CXXFLAGS_value=
ac_cv_env_CXX_set=
ac_cv_env_CXX_value=
ac_cv_env_LDFLAGS_set=
ac_cv_env_LDFLAGS_value=
ac_cv_env_build_alias_set=
ac_cv_env_build_alias_value=
ac_cv_env_host_alias_set=
ac_cv_env_host_alias_value=
ac_cv_env_target_alias_set=
ac_cv_env_target_alias_value=
ac_cv_exeext=
ac_cv_func_dup2=yes
ac_cv_func_fork=yes
ac_cv_func_fork_works=yes
ac_cv_func_gethostbyname=yes
ac_cv_func_gettimeofday=yes
ac_cv_func_inet_ntoa=yes
ac_cv_func_malloc_0_nonnull=yes
ac_cv_func_memcmp_working=yes
ac_cv_func_memset=yes
ac_cv_func_select=yes
ac_cv_func_select_args='int,fd_set *,struct timeval *'
ac_cv_func_socket=yes
ac_cv_func_vfork=yes
ac_cv_func_vfork_works=yes
ac_cv_header_arpa_inet_h=yes
ac_cv_header_fcntl_h=yes
ac_cv_header_ifaddrs_h=yes
ac_cv_header_inttypes_h=yes
ac_cv_header_memory_h=yes
ac_cv_header_netdb_h=yes
ac_cv_header_netinet_in_h=yes
ac_cv_header_netinet_in_systm_h=yes
ac_cv_header_stdc=yes
ac_cv_header_stdint_h=yes
ac_cv_header_stdlib_h=yes
ac_cv_header_string_h=yes
ac_cv_header_strings_h=yes
ac_cv_header_sys_select_h=yes
ac_cv_header_sys_socket_h=yes
ac_cv_header_sys_stat_h=yes
ac_cv_header_sys_time_h=yes
ac_cv_header_sys_types_h=yes
ac_cv_header_time=yes
ac_cv_header_unistd_h=yes
ac_cv_header_vfork_h=no
ac_cv_host=x86_64-unknown-linux-gnu
ac_cv_host_alias=x86_64-unknown-linux-gnu
ac_cv_lib_crypto_AES_cbc_encrypt=yes
ac_cv_lib_curl_curl_easy_init=yes
ac_cv_lib_dnet_ip_checksum=yes
ac_cv_lib_m_fabs=yes
ac_cv_lib_pthread_pthread_create=yes
ac_cv_lib_ssl_AES_cbc_encrypt=yes
ac_cv_lib_z_zlibVersion=yes
ac_cv_member_struct_icmphdr_type=yes
ac_cv_objext=o
ac_cv_path_install='/usr/bin/install -c'
ac_cv_prog_AWK=mawk
ac_cv_prog_CPP='gcc -E'
ac_cv_prog_ac_ct_CC=gcc
ac_cv_prog_ac_ct_CXX=g++
ac_cv_prog_cc_g=yes
ac_cv_prog_cc_stdc=
ac_cv_prog_cxx_g=yes
ac_cv_prog_egrep='grep -E'
ac_cv_prog_make_make_set=yes
ac_cv_type_pid_t=yes
ac_cv_type_signal=void
ac_cv_type_size_t=yes
am_cv_CC_dependencies_compiler_type=gcc3
am_cv_CXX_dependencies_compiler_type=gcc3
am_cv_prog_cc_stdc=

## ----------------- ##
## Output variables. ##
## ----------------- ##

ACLOCAL='${SHELL} /home/wladimir/Downloads/tdor/tags/tdor-0.0.8/missing --run aclocal-1.9'
AMDEPBACKSLASH='\'
AMDEP_FALSE='#'
AMDEP_TRUE=''
AMTAR='${SHELL} /home/wladimir/Downloads/tdor/tags/tdor-0.0.8/missing --run tar'
AUTOCONF='${SHELL} /home/wladimir/Downloads/tdor/tags/tdor-0.0.8/missing --run autoconf'
AUTOHEADER='${SHELL} /home/wladimir/Downloads/tdor/tags/tdor-0.0.8/missing --run autoheader'
AUTOMAKE='${SHELL} /home/wladimir/Downloads/tdor/tags/tdor-0.0.8/missing --run automake-1.9'
AWK='mawk'
CC='gcc'
CCDEPMODE='depmode=gcc3'
CFLAGS='-g -O2'
CPP='gcc -E'
CPPFLAGS=' -I/usr/local/include/dnet/'
CXX='g++'
CXXDEPMODE='depmode=gcc3'
CXXFLAGS='-g -O2'
CYGPATH_W='echo'
DEFS='-DHAVE_CONFIG_H'
DEPDIR='.deps'
ECHO_C=''
ECHO_N='-n'
ECHO_T=''
EGREP='grep -E'
EXEEXT=''
INSTALL_DATA='${INSTALL} -m 644'
INSTALL_PROGRAM='${INSTALL}'
INSTALL_SCRIPT='${INSTALL}'
INSTALL_STRIP_PROGRAM='${SHELL} $(install_sh) -c -s'
LDFLAGS='  -L/usr/local/lib/'
LIBOBJS=''
LIBS='-lcurl -lz -lssl -lcrypto -lpthread -lm -ldnet '
LTLIBOBJS=''
MAKEINFO='${SHELL} /home/wladimir/Downloads/tdor/tags/tdor-0.0.8/missing --run makeinfo'
OBJEXT='o'
PACKAGE='tdor'
PACKAGE_BUGREPORT='cviecco@indiana.edu'
PACKAGE_NAME='tdor'
PACKAGE_STRING='tdor 0.0.8'
PACKAGE_TARNAME='tdor'
PACKAGE_VERSION='0.0.8'
PATH_SEPARATOR=':'
SET_MAKE=''
SHELL='/bin/bash'
STRIP=''
VERSION='0.0.8'
ac_ct_CC='gcc'
ac_ct_CXX='g++'
ac_ct_STRIP=''
am__fastdepCC_FALSE='#'
am__fastdepCC_TRUE=''
am__fastdepCXX_FALSE='#'
am__fastdepCXX_TRUE=''
am__include='include'
am__leading_dot='.'
am__quote=''
am__tar='${AMTAR} chof - "$$tardir"'
am__untar='${AMTAR} xf -'
bindir='${exec_prefix}/bin'
build='x86_64-unknown-linux-gnu'
build_alias=''
build_cpu='x86_64'
build_os='linux-gnu'
build_vendor='unknown'
datadir='${prefix}/share'
exec_prefix='${prefix}'
host='x86_64-unknown-linux-gnu'
host_alias=''
host_cpu='x86_64'
host_os='linux-gnu'
host_vendor='unknown'
includedir='${prefix}/include'
infodir='${prefix}/info'
install_sh='/home/wladimir/Downloads/tdor/tags/tdor-0.0.8/install-sh'
libdir='${exec_prefix}/lib'
libexecdir='${exec_prefix}/libexec'
localstatedir='${prefix}/var'
mandir='${prefix}/man'
mkdir_p='mkdir -p --'
oldincludedir='/usr/include'
prefix='/usr/local'
program_transform_name='s,x,x,'
sbindir='${exec_prefix}/sbin'
sharedstatedir='${prefix}/com'
sysconfdir='${prefix}/etc'
target=''
target_alias=''
target_cpu=''
target_os=''
target_vendor=''

## ----------- ##
## confdefs.h. ##
## ----------- ##

#define HAVE_ARPA_INET_H 1
#define HAVE_DUP2 1
#define HAVE_FCNTL_H 1
#define HAVE_FORK 1
#define HAVE_GETHOSTBYNAME 1
#define HAVE_GETTIMEOFDAY 1
#define HAVE_IFADDRS_H 1
#define HAVE_INET_NTOA 1
#define HAVE_INTTYPES_H 1
#define HAVE_LIBCRYPTO 1
#define HAVE_LIBCURL 1
#define HAVE_LIBDNET 1
#define HAVE_LIBM 1
#define HAVE_LIBPTHREAD 1
#define HAVE_LIBSSL 1
#define HAVE_LIBZ 1
#define HAVE_MALLOC 1
#define HAVE_MEMORY_H 1
#define HAVE_MEMSET 1
#define HAVE_NETDB_H 1
#define HAVE_NETINET_IN_H 1
#define HAVE_NETINET_IN_SYSTM_H 1
#define HAVE_SELECT 1
#define HAVE_SOCKET 1
#define HAVE_STDINT_H 1
#define HAVE_STDINT_H 1
#define HAVE_STDLIB_H 1
#define HAVE_STDLIB_H 1
#define HAVE_STDLIB_H 1
#define HAVE_STRINGS_H 1
#define HAVE_STRING_H 1
#define HAVE_STRING_H 1
#define HAVE_STRUCT_ICMPHDR_TYPE 1
#define HAVE_SYS_SELECT_H 1
#define HAVE_SYS_SOCKET_H 1
#define HAVE_SYS_SOCKET_H 1
#define HAVE_SYS_STAT_H 1
#define HAVE_SYS_TIME_H 1
#define HAVE_SYS_TYPES_H 1
#define HAVE_UNISTD_H 1
#define HAVE_UNISTD_H 1
#define HAVE_UNISTD_H 1
#define HAVE_VFORK 1
#define HAVE_WORKING_FORK 1
#define HAVE_WORKING_VFORK 1
#define LINUX
#define PACKAGE "tdor"
#define PACKAGE_BUGREPORT "cviecco@indiana.edu"
#define PACKAGE_NAME "tdor"
#define PACKAGE_STRING "tdor 0.0.8"
#define PACKAGE_TARNAME "tdor"
#define PACKAGE_VERSION "0.0.8"
#define RETSIGTYPE void
#define SELECT_TYPE_ARG1 int
#define SELECT_TYPE_ARG234 (fd_set *)
#define SELECT_TYPE_ARG5 (struct timeval *)
#define STDC_HEADERS 1
#define TIME_WITH_SYS_TIME 1
#define VERSION "0.0.8"
#endif
#ifdef __cplusplus
extern "C" void exit (int) throw ();

configure: exit 0
